[35m[Appium][39m Welcome to Appium v1.22.3
[35m[Appium][39m Non-default server args:
[35m[Appium][39m   port: 1534
[35m[Appium][39m   loglevel: info
[35m[Appium][39m   tmpDir: C:\Users\PJPRAM~1\AppData\Local\Temp\\Katalon\Appium\Temp1678298771766
[35m[Appium][39m   chromedriverPort: 1535
[35m[Appium][39m Deprecated server args:
[35m[Appium][39m   [31m--chromedriver-port[39m => --default-capabilities
[35m[Appium][39m Default capabilities, which will be added to each request unless overridden by desired capabilities:
[35m[Appium][39m   chromedriverPort: 1535
[35m[Appium][39m Appium REST http interface listener started on 0.0.0.0:1534
[35m[HTTP][39m [37m-->[39m [37mGET[39m [37m/wd/hub/status[39m
[35m[HTTP][39m [90m{}[39m
[35m[HTTP][39m [37m<-- GET /wd/hub/status [39m[32m200[39m [90m51 ms - 68[39m
[35m[HTTP][39m [90m[39m
[35m[HTTP][39m [37m-->[39m [37mGET[39m [37m/wd/hub/status[39m
[35m[HTTP][39m [90m{}[39m
[35m[HTTP][39m [37m<-- GET /wd/hub/status [39m[32m200[39m [90m7 ms - 68[39m
[35m[HTTP][39m [90m[39m
[35m[HTTP][39m [37m-->[39m [37mPOST[39m [37m/wd/hub/session[39m
[35m[HTTP][39m [90m{"desiredCapabilities":{"appActivity":".Settings","appPackage":"com.android.settings","newCommandTimeout":1800,"platformVersion":"13","automationName":"uiautomator2","autoGrantPermissions":true,"platformName":"Android","udid":"RRCT804C4GW","deviceName":"samsung SM-A336E (Android 13)","platform":"ANDROID","systemPort":8228},"capabilities":{"firstMatch":[{"appium:appActivity":".Settings","appium:appPackage":"com.android.settings","appium:autoGrantPermissions":true,"appium:automationName":"uiautomator2","appium:deviceName":"samsung SM-A336E (Android 13)","appium:newCommandTimeout":1800,"platform":"ANDROID","platformName":"android","appium:platformVersion":"13","appium:systemPort":8228,"appium:udid":"RRCT804C4GW"}]}}[39m
[35m[BaseDriver][39m The following capabilities are not standard capabilities and should have an extension prefix:
[35m[BaseDriver][39m   platform
[35m[BaseDriver][39m   chromedriverPort
[35m[Appium][39m Appium v1.22.3 creating new AndroidUiautomator2Driver (v1.70.1) session
[35m[BaseDriver][39m The following capabilities were provided, but are not recognized by Appium:
[35m[BaseDriver][39m   platform
[35m[BaseDriver][39m Session created with session id: 00968fec-f486-40e7-a409-641c4c7e6fd2
[35m[UiAutomator2][39m Starting 'com.android.settings' directly on the device
[35m[ADB][39m Found 4 'build-tools' folders under 'C:\Users\pjpramudhitya\AppData\Local\Android\Sdk' (newest first):
[35m[ADB][39m     C:/Users/pjpramudhitya/AppData/Local/Android/Sdk/build-tools/28.0.3
[35m[ADB][39m     C:/Users/pjpramudhitya/AppData/Local/Android/Sdk/build-tools/28.0.2
[35m[ADB][39m     C:/Users/pjpramudhitya/AppData/Local/Android/Sdk/build-tools/27.0.3
[35m[ADB][39m     C:/Users/pjpramudhitya/AppData/Local/Android/Sdk/build-tools/26.0.1
[35m[ADB][39m Using 'adb.exe' from 'C:\Users\pjpramudhitya\AppData\Local\Android\Sdk\platform-tools\adb.exe'
[35m[AndroidDriver][39m Retrieving device list
[35m[AndroidDriver][39m Using device: RRCT804C4GW
[35m[ADB][39m Using 'adb.exe' from 'C:\Users\pjpramudhitya\AppData\Local\Android\Sdk\platform-tools\adb.exe'
[35m[ADB][39m Getting device platform version
[35m[UiAutomator2][39m Relaxing hidden api policy
[35m[AndroidDriver][39m No app sent in, not parsing package/activity
[35m[ADB][39m Using 'apksigner.jar' from 'C:\Users\pjpramudhitya\AppData\Local\Android\Sdk\build-tools\28.0.3\lib\apksigner.jar'
[35m[ADB][39m 'C:\Users\pjpramudhitya\AppData\Roaming\npm\node_modules\appium\node_modules\appium-uiautomator2-server\apks\appium-uiautomator2-server-v4.27.0.apk' is signed with the default certificate
[35m[ADB][39m 'C:\Users\pjpramudhitya\AppData\Roaming\npm\node_modules\appium\node_modules\appium-uiautomator2-server\apks\appium-uiautomator2-server-debug-androidTest.apk' is signed with the default certificate
[35m[UiAutomator2][39m Server packages are going to be (re)installed
[35m[ADB][39m The application at 'C:\Users\pjpramudhitya\AppData\Roaming\npm\node_modules\appium\node_modules\appium-uiautomator2-server\apks\appium-uiautomator2-server-v4.27.0.apk' is already cached to '/data/local/tmp/appium_cache/927b5f79e12d5ecef3816f17f4dd88c0462287a0.apk'
[35m[UiAutomator2][39m Did not get confirmation UiAutomator2 deleteSession worked; Error was: UnknownError: An unknown server-side error occurred while processing the command. Original error: Trying to proxy a session command without session id
[35m[UiAutomator2][39m Restoring hidden api policy to the device default configuration
[35m[HTTP][39m [37m<-- POST /wd/hub/session [39m[31m500[39m [90m44282 ms - 1379[39m
[35m[HTTP][39m [90m[39m
